This is pdfTeX, Version 3.14159265-2.6-1.40.20 (TeX Live 2019/Arch Linux) (preloaded format=pdflatex 2020.5.20)  22 JUN 2020 10:12
entering extended mode
 restricted \write18 enabled.
 %&-line parsing enabled.
**glscopeclient-manual.tex
(./glscopeclient-manual.tex
LaTeX2e <2019-10-01> patch level 1
(/usr/share/texmf-dist/tex/latex/base/article.cls
Document Class: article 2019/08/27 v1.4j Standard LaTeX document class
(/usr/share/texmf-dist/tex/latex/base/size11.clo
File: size11.clo 2019/08/27 v1.4j Standard LaTeX file (size option)
)
\c@part=\count80
\c@section=\count81
\c@subsection=\count82
\c@subsubsection=\count83
\c@paragraph=\count84
\c@subparagraph=\count85
\c@figure=\count86
\c@table=\count87
\abovecaptionskip=\skip41
\belowcaptionskip=\skip42
\bibindent=\dimen102
)
(/usr/share/texmf-dist/tex/latex/base/fontenc.sty
Package: fontenc 2018/08/11 v2.0j Standard LaTeX package

(/usr/share/texmf-dist/tex/latex/base/t1enc.def
File: t1enc.def 2018/08/11 v2.0j Standard LaTeX file
LaTeX Font Info:    Redeclaring font encoding T1 on input line 48.
))
(/usr/share/texmf-dist/tex/latex/geometry/geometry.sty
Package: geometry 2018/04/16 v5.8 Page Geometry

(/usr/share/texmf-dist/tex/latex/graphics/keyval.sty
Package: keyval 2014/10/28 v1.15 key=value parser (DPC)
\KV@toks@=\toks14
)
(/usr/share/texmf-dist/tex/generic/oberdiek/ifpdf.sty
Package: ifpdf 2018/09/07 v3.3 Provides the ifpdf switch
)
(/usr/share/texmf-dist/tex/generic/oberdiek/ifvtex.sty
Package: ifvtex 2016/05/16 v1.6 Detect VTeX and its facilities (HO)
Package ifvtex Info: VTeX not detected.
)
(/usr/share/texmf-dist/tex/generic/ifxetex/ifxetex.sty
Package: ifxetex 2010/09/12 v0.6 Provides ifxetex conditional
)
\Gm@cnth=\count88
\Gm@cntv=\count89
\c@Gm@tempcnt=\count90
\Gm@bindingoffset=\dimen103
\Gm@wd@mp=\dimen104
\Gm@odd@mp=\dimen105
\Gm@even@mp=\dimen106
\Gm@layoutwidth=\dimen107
\Gm@layoutheight=\dimen108
\Gm@layouthoffset=\dimen109
\Gm@layoutvoffset=\dimen110
\Gm@dimlist=\toks15
)
(/usr/share/texmf-dist/tex/latex/hyperref/hyperref.sty
Package: hyperref 2019/09/28 v7.00a Hypertext links for LaTeX

(/usr/share/texmf-dist/tex/generic/oberdiek/hobsub-hyperref.sty
Package: hobsub-hyperref 2016/05/16 v1.14 Bundle oberdiek, subset hyperref (HO)


(/usr/share/texmf-dist/tex/generic/oberdiek/hobsub-generic.sty
Package: hobsub-generic 2016/05/16 v1.14 Bundle oberdiek, subset generic (HO)
Package: hobsub 2016/05/16 v1.14 Construct package bundles (HO)
Package: infwarerr 2016/05/16 v1.4 Providing info/warning/error messages (HO)
Package: ltxcmds 2016/05/16 v1.23 LaTeX kernel commands for general use (HO)
Package: ifluatex 2016/05/16 v1.4 Provides the ifluatex switch (HO)
Package ifluatex Info: LuaTeX not detected.
Package hobsub Info: Skipping package `ifvtex' (already loaded).
Package: intcalc 2016/05/16 v1.2 Expandable calculations with integers (HO)
Package hobsub Info: Skipping package `ifpdf' (already loaded).
Package: etexcmds 2016/05/16 v1.6 Avoid name clashes with e-TeX commands (HO)
Package: kvsetkeys 2016/05/16 v1.17 Key value parser (HO)
Package: kvdefinekeys 2016/05/16 v1.4 Define keys (HO)
Package: pdftexcmds 2019/07/25 v0.30 Utility functions of pdfTeX for LuaTeX (HO
)
Package pdftexcmds Info: LuaTeX not detected.
Package pdftexcmds Info: \pdf@primitive is available.
Package pdftexcmds Info: \pdf@ifprimitive is available.
Package pdftexcmds Info: \pdfdraftmode found.
Package: pdfescape 2016/05/16 v1.14 Implements pdfTeX's escape features (HO)
Package: bigintcalc 2016/05/16 v1.4 Expandable calculations on big integers (HO
)
Package: bitset 2016/05/16 v1.2 Handle bit-vector datatype (HO)
Package: uniquecounter 2016/05/16 v1.3 Provide unlimited unique counter (HO)
)
Package hobsub Info: Skipping package `hobsub' (already loaded).
Package: letltxmacro 2016/05/16 v1.5 Let assignment for LaTeX macros (HO)
Package: hopatch 2016/05/16 v1.3 Wrapper for package hooks (HO)
Package: xcolor-patch 2016/05/16 xcolor patch
Package: atveryend 2016/05/16 v1.9 Hooks at the very end of document (HO)
Package atveryend Info: \enddocument detected (standard20110627).
Package: atbegshi 2016/06/09 v1.18 At begin shipout hook (HO)
Package: refcount 2016/05/16 v3.5 Data extraction from label references (HO)
Package: hycolor 2016/05/16 v1.8 Color options for hyperref/bookmark (HO)
)
(/usr/share/texmf-dist/tex/latex/oberdiek/auxhook.sty
Package: auxhook 2016/05/16 v1.4 Hooks for auxiliary files (HO)
)
(/usr/share/texmf-dist/tex/latex/oberdiek/kvoptions.sty
Package: kvoptions 2016/05/16 v3.12 Key value format for package options (HO)
)
\@linkdim=\dimen111
\Hy@linkcounter=\count91
\Hy@pagecounter=\count92

(/usr/share/texmf-dist/tex/latex/hyperref/pd1enc.def
File: pd1enc.def 2019/09/28 v7.00a Hyperref: PDFDocEncoding definition (HO)
Now handling font encoding PD1 ...
... no UTF-8 mapping file for font encoding PD1
)
\Hy@SavedSpaceFactor=\count93

(/usr/share/texmf-dist/tex/latex/latexconfig/hyperref.cfg
File: hyperref.cfg 2002/06/06 v1.2 hyperref configuration of TeXLive
)
Package hyperref Info: Option `bookmarks' set `true' on input line 4414.
Package hyperref Info: Option `colorlinks' set `true' on input line 4414.
Package hyperref Info: Hyper figures OFF on input line 4540.
Package hyperref Info: Link nesting OFF on input line 4545.
Package hyperref Info: Hyper index ON on input line 4548.
Package hyperref Info: Plain pages OFF on input line 4555.
Package hyperref Info: Backreferencing OFF on input line 4560.
Package hyperref Info: Implicit mode ON; LaTeX internals redefined.
Package hyperref Info: Bookmarks ON on input line 4793.
\c@Hy@tempcnt=\count94

(/usr/share/texmf-dist/tex/latex/url/url.sty
\Urlmuskip=\muskip10
Package: url 2013/09/16  ver 3.4  Verb mode for urls, etc.
)
LaTeX Info: Redefining \url on input line 5152.
\XeTeXLinkMargin=\dimen112
\Fld@menulength=\count95
\Field@Width=\dimen113
\Fld@charsize=\dimen114
Package hyperref Info: Hyper figures OFF on input line 6423.
Package hyperref Info: Link nesting OFF on input line 6428.
Package hyperref Info: Hyper index ON on input line 6431.
Package hyperref Info: backreferencing OFF on input line 6438.
Package hyperref Info: Link coloring ON on input line 6441.
Package hyperref Info: Link coloring with OCG OFF on input line 6448.
Package hyperref Info: PDF/A mode OFF on input line 6453.
LaTeX Info: Redefining \ref on input line 6493.
LaTeX Info: Redefining \pageref on input line 6497.
\Hy@abspage=\count96
\c@Item=\count97
\c@Hfootnote=\count98
)
Package hyperref Info: Driver (autodetected): hpdftex.

(/usr/share/texmf-dist/tex/latex/hyperref/hpdftex.def
File: hpdftex.def 2019/09/28 v7.00a Hyperref driver for pdfTeX
\Fld@listcount=\count99
\c@bookmark@seq@number=\count100

(/usr/share/texmf-dist/tex/latex/oberdiek/rerunfilecheck.sty
Package: rerunfilecheck 2016/05/16 v1.8 Rerun checks for auxiliary files (HO)
Package uniquecounter Info: New unique counter `rerunfilecheck' on input line 2
82.
)
\Hy@SectionHShift=\skip43
)
(/usr/share/texmf-dist/tex/latex/tools/tabularx.sty
Package: tabularx 2016/02/03 v2.11b `tabularx' package (DPC)

(/usr/share/texmf-dist/tex/latex/tools/array.sty
Package: array 2019/08/31 v2.4l Tabular extension package (FMi)
\col@sep=\dimen115
\ar@mcellbox=\box27
\extrarowheight=\dimen116
\NC@list=\toks16
\extratabsurround=\skip44
\backup@length=\skip45
\ar@cellbox=\box28
)
\TX@col@width=\dimen117
\TX@old@table=\dimen118
\TX@old@col=\dimen119
\TX@target=\dimen120
\TX@delta=\dimen121
\TX@cols=\count101
\TX@ftn=\toks17
)
(/usr/share/texmf-dist/tex/latex/graphics/graphicx.sty
Package: graphicx 2017/06/01 v1.1a Enhanced LaTeX Graphics (DPC,SPQR)

(/usr/share/texmf-dist/tex/latex/graphics/graphics.sty
Package: graphics 2019/10/08 v1.3c Standard LaTeX Graphics (DPC,SPQR)

(/usr/share/texmf-dist/tex/latex/graphics/trig.sty
Package: trig 2016/01/03 v1.10 sin cos tan (DPC)
)
(/usr/share/texmf-dist/tex/latex/graphics-cfg/graphics.cfg
File: graphics.cfg 2016/06/04 v1.11 sample graphics configuration
)
Package graphics Info: Driver file: pdftex.def on input line 105.

(/usr/share/texmf-dist/tex/latex/graphics-def/pdftex.def
File: pdftex.def 2018/01/08 v1.0l Graphics/color driver for pdftex
))
\Gin@req@height=\dimen122
\Gin@req@width=\dimen123
)
(/usr/share/texmf-dist/tex/latex/placeins/placeins.sty
Package: placeins 2005/04/18  v 2.2
)
(/usr/share/texmf-dist/tex/latex/paralist/paralist.sty
Package: paralist 2017/01/22 v2.7 Extended list environments
\pltopsep=\skip46
\plpartopsep=\skip47
\plitemsep=\skip48
\plparsep=\skip49
\pl@lab=\toks18
)
(/usr/share/texmf-dist/tex/latex/makecell/makecell.sty
Package: makecell 2009/08/03 V0.1e Managing of Tab Column Heads and Cells
\rotheadsize=\dimen124
\c@nlinenum=\count102
\TeXr@lab=\toks19
)
(/usr/share/texmf-dist/tex/latex/colortbl/colortbl.sty
Package: colortbl 2018/12/12 v1.0d Color table columns (DPC)

(/usr/share/texmf-dist/tex/latex/graphics/color.sty
Package: color 2016/07/10 v1.1e Standard LaTeX Color (DPC)

(/usr/share/texmf-dist/tex/latex/graphics-cfg/color.cfg
File: color.cfg 2016/01/02 v1.6 sample color configuration
)
Package color Info: Driver file: pdftex.def on input line 147.
)
\everycr=\toks20
\minrowclearance=\skip50
)
(/usr/share/texmf-dist/tex/latex/libertine/libertine.sty
Package: libertine 2019/02/27 (Bob Tennent) Supports Libertine and Biolinum fon
ts for all LaTeX engines.

(/usr/share/texmf-dist/tex/latex/xkeyval/xkeyval.sty
Package: xkeyval 2014/12/03 v2.7a package option processing (HA)

(/usr/share/texmf-dist/tex/generic/xkeyval/xkeyval.tex
(/usr/share/texmf-dist/tex/generic/xkeyval/xkvutils.tex
\XKV@toks=\toks21
\XKV@tempa@toks=\toks22
)
\XKV@depth=\count103
File: xkeyval.tex 2014/12/03 v2.7a key=value parser (HA)
))
(/usr/share/texmf-dist/tex/latex/base/textcomp.sty
Package: textcomp 2018/08/11 v2.0j Standard LaTeX package
Package textcomp Info: Sub-encoding information:
(textcomp)               5 = only ISO-Adobe without \textcurrency
(textcomp)               4 = 5 + \texteuro
(textcomp)               3 = 4 + \textohm
(textcomp)               2 = 3 + \textestimated + \textcurrency
(textcomp)               1 = TS1 - \textcircled - \t
(textcomp)               0 = TS1 (full)
(textcomp)             Font families with sub-encoding setting implement
(textcomp)             only a restricted character set as indicated.
(textcomp)             Family '?' is the default used for unknown fonts.
(textcomp)             See the documentation for details.
Package textcomp Info: Setting ? sub-encoding to TS1/1 on input line 79.

(/usr/share/texmf-dist/tex/latex/base/ts1enc.def
File: ts1enc.def 2001/06/05 v3.0e (jk/car/fm) Standard LaTeX file
Now handling font encoding TS1 ...
... processing UTF-8 mapping file for font encoding TS1

(/usr/share/texmf-dist/tex/latex/base/ts1enc.dfu
File: ts1enc.dfu 2019/07/11 v1.2j UTF-8 support for inputenc
   defining Unicode char U+00A2 (decimal 162)
   defining Unicode char U+00A3 (decimal 163)
   defining Unicode char U+00A4 (decimal 164)
   defining Unicode char U+00A5 (decimal 165)
   defining Unicode char U+00A6 (decimal 166)
   defining Unicode char U+00A7 (decimal 167)
   defining Unicode char U+00A8 (decimal 168)
   defining Unicode char U+00A9 (decimal 169)
   defining Unicode char U+00AA (decimal 170)
   defining Unicode char U+00AC (decimal 172)
   defining Unicode char U+00AE (decimal 174)
   defining Unicode char U+00AF (decimal 175)
   defining Unicode char U+00B0 (decimal 176)
   defining Unicode char U+00B1 (decimal 177)
   defining Unicode char U+00B2 (decimal 178)
   defining Unicode char U+00B3 (decimal 179)
   defining Unicode char U+00B4 (decimal 180)
   defining Unicode char U+00B5 (decimal 181)
   defining Unicode char U+00B6 (decimal 182)
   defining Unicode char U+00B7 (decimal 183)
   defining Unicode char U+00B9 (decimal 185)
   defining Unicode char U+00BA (decimal 186)
   defining Unicode char U+00BC (decimal 188)
   defining Unicode char U+00BD (decimal 189)
   defining Unicode char U+00BE (decimal 190)
   defining Unicode char U+00D7 (decimal 215)
   defining Unicode char U+00F7 (decimal 247)
   defining Unicode char U+0192 (decimal 402)
   defining Unicode char U+02C7 (decimal 711)
   defining Unicode char U+02D8 (decimal 728)
   defining Unicode char U+02DD (decimal 733)
   defining Unicode char U+0E3F (decimal 3647)
   defining Unicode char U+2016 (decimal 8214)
   defining Unicode char U+2020 (decimal 8224)
   defining Unicode char U+2021 (decimal 8225)
   defining Unicode char U+2022 (decimal 8226)
   defining Unicode char U+2030 (decimal 8240)
   defining Unicode char U+2031 (decimal 8241)
   defining Unicode char U+203B (decimal 8251)
   defining Unicode char U+203D (decimal 8253)
   defining Unicode char U+2044 (decimal 8260)
   defining Unicode char U+204E (decimal 8270)
   defining Unicode char U+2052 (decimal 8274)
   defining Unicode char U+20A1 (decimal 8353)
   defining Unicode char U+20A4 (decimal 8356)
   defining Unicode char U+20A6 (decimal 8358)
   defining Unicode char U+20A9 (decimal 8361)
   defining Unicode char U+20AB (decimal 8363)
   defining Unicode char U+20AC (decimal 8364)
   defining Unicode char U+20B1 (decimal 8369)
   defining Unicode char U+2103 (decimal 8451)
   defining Unicode char U+2116 (decimal 8470)
   defining Unicode char U+2117 (decimal 8471)
   defining Unicode char U+211E (decimal 8478)
   defining Unicode char U+2120 (decimal 8480)
   defining Unicode char U+2122 (decimal 8482)
   defining Unicode char U+2126 (decimal 8486)
   defining Unicode char U+2127 (decimal 8487)
   defining Unicode char U+212E (decimal 8494)
   defining Unicode char U+2190 (decimal 8592)
   defining Unicode char U+2191 (decimal 8593)
   defining Unicode char U+2192 (decimal 8594)
   defining Unicode char U+2193 (decimal 8595)
   defining Unicode char U+2329 (decimal 9001)
   defining Unicode char U+232A (decimal 9002)
   defining Unicode char U+2422 (decimal 9250)
   defining Unicode char U+25E6 (decimal 9702)
   defining Unicode char U+25EF (decimal 9711)
   defining Unicode char U+266A (decimal 9834)
   defining Unicode char U+27E8 (decimal 10216)
   defining Unicode char U+27E9 (decimal 10217)
   defining Unicode char U+FEFF (decimal 65279)
))
LaTeX Info: Redefining \oldstylenums on input line 334.
Package textcomp Info: Setting cmr sub-encoding to TS1/0 on input line 349.
Package textcomp Info: Setting cmss sub-encoding to TS1/0 on input line 350.
Package textcomp Info: Setting cmtt sub-encoding to TS1/0 on input line 351.
Package textcomp Info: Setting cmvtt sub-encoding to TS1/0 on input line 352.
Package textcomp Info: Setting cmbr sub-encoding to TS1/0 on input line 353.
Package textcomp Info: Setting cmtl sub-encoding to TS1/0 on input line 354.
Package textcomp Info: Setting ccr sub-encoding to TS1/0 on input line 355.
Package textcomp Info: Setting ptm sub-encoding to TS1/4 on input line 356.
Package textcomp Info: Setting pcr sub-encoding to TS1/4 on input line 357.
Package textcomp Info: Setting phv sub-encoding to TS1/4 on input line 358.
Package textcomp Info: Setting ppl sub-encoding to TS1/3 on input line 359.
Package textcomp Info: Setting pag sub-encoding to TS1/4 on input line 360.
Package textcomp Info: Setting pbk sub-encoding to TS1/4 on input line 361.
Package textcomp Info: Setting pnc sub-encoding to TS1/4 on input line 362.
Package textcomp Info: Setting pzc sub-encoding to TS1/4 on input line 363.
Package textcomp Info: Setting bch sub-encoding to TS1/4 on input line 364.
Package textcomp Info: Setting put sub-encoding to TS1/5 on input line 365.
Package textcomp Info: Setting uag sub-encoding to TS1/5 on input line 366.
Package textcomp Info: Setting ugq sub-encoding to TS1/5 on input line 367.
Package textcomp Info: Setting ul8 sub-encoding to TS1/4 on input line 368.
Package textcomp Info: Setting ul9 sub-encoding to TS1/4 on input line 369.
Package textcomp Info: Setting augie sub-encoding to TS1/5 on input line 370.
Package textcomp Info: Setting dayrom sub-encoding to TS1/3 on input line 371.
Package textcomp Info: Setting dayroms sub-encoding to TS1/3 on input line 372.

Package textcomp Info: Setting pxr sub-encoding to TS1/0 on input line 373.
Package textcomp Info: Setting pxss sub-encoding to TS1/0 on input line 374.
Package textcomp Info: Setting pxtt sub-encoding to TS1/0 on input line 375.
Package textcomp Info: Setting txr sub-encoding to TS1/0 on input line 376.
Package textcomp Info: Setting txss sub-encoding to TS1/0 on input line 377.
Package textcomp Info: Setting txtt sub-encoding to TS1/0 on input line 378.
Package textcomp Info: Setting lmr sub-encoding to TS1/0 on input line 379.
Package textcomp Info: Setting lmdh sub-encoding to TS1/0 on input line 380.
Package textcomp Info: Setting lmss sub-encoding to TS1/0 on input line 381.
Package textcomp Info: Setting lmssq sub-encoding to TS1/0 on input line 382.
Package textcomp Info: Setting lmvtt sub-encoding to TS1/0 on input line 383.
Package textcomp Info: Setting lmtt sub-encoding to TS1/0 on input line 384.
Package textcomp Info: Setting qhv sub-encoding to TS1/0 on input line 385.
Package textcomp Info: Setting qag sub-encoding to TS1/0 on input line 386.
Package textcomp Info: Setting qbk sub-encoding to TS1/0 on input line 387.
Package textcomp Info: Setting qcr sub-encoding to TS1/0 on input line 388.
Package textcomp Info: Setting qcs sub-encoding to TS1/0 on input line 389.
Package textcomp Info: Setting qpl sub-encoding to TS1/0 on input line 390.
Package textcomp Info: Setting qtm sub-encoding to TS1/0 on input line 391.
Package textcomp Info: Setting qzc sub-encoding to TS1/0 on input line 392.
Package textcomp Info: Setting qhvc sub-encoding to TS1/0 on input line 393.
Package textcomp Info: Setting futs sub-encoding to TS1/4 on input line 394.
Package textcomp Info: Setting futx sub-encoding to TS1/4 on input line 395.
Package textcomp Info: Setting futj sub-encoding to TS1/4 on input line 396.
Package textcomp Info: Setting hlh sub-encoding to TS1/3 on input line 397.
Package textcomp Info: Setting hls sub-encoding to TS1/3 on input line 398.
Package textcomp Info: Setting hlst sub-encoding to TS1/3 on input line 399.
Package textcomp Info: Setting hlct sub-encoding to TS1/5 on input line 400.
Package textcomp Info: Setting hlx sub-encoding to TS1/5 on input line 401.
Package textcomp Info: Setting hlce sub-encoding to TS1/5 on input line 402.
Package textcomp Info: Setting hlcn sub-encoding to TS1/5 on input line 403.
Package textcomp Info: Setting hlcw sub-encoding to TS1/5 on input line 404.
Package textcomp Info: Setting hlcf sub-encoding to TS1/5 on input line 405.
Package textcomp Info: Setting pplx sub-encoding to TS1/3 on input line 406.
Package textcomp Info: Setting pplj sub-encoding to TS1/3 on input line 407.
Package textcomp Info: Setting ptmx sub-encoding to TS1/4 on input line 408.
Package textcomp Info: Setting ptmj sub-encoding to TS1/4 on input line 409.
)
(/usr/share/texmf-dist/tex/latex/mweights/mweights.sty
Package: mweights 2017/03/30 (Bob Tennent) Support package for multiple-weight 
font packages. 
LaTeX Info: Redefining \bfseries on input line 22.
LaTeX Info: Redefining \mdseries on input line 30.
LaTeX Info: Redefining \rmfamily on input line 38.
LaTeX Info: Redefining \sffamily on input line 66.
LaTeX Info: Redefining \ttfamily on input line 94.
)
(/usr/share/texmf-dist/tex/latex/base/fontenc.sty
Package: fontenc 2018/08/11 v2.0j Standard LaTeX package
)
(/usr/share/texmf-dist/tex/latex/fontaxes/fontaxes.sty
Package: fontaxes 2014/03/23 v1.0d Font selection axes
LaTeX Info: Redefining \upshape on input line 29.
LaTeX Info: Redefining \itshape on input line 31.
LaTeX Info: Redefining \slshape on input line 33.
LaTeX Info: Redefining \scshape on input line 37.
)
LaTeX Info: Redefining \oldstylenums on input line 490.

(/usr/share/texmf-dist/tex/latex/libertine/LinLibertine_I.tex))
(/usr/share/texmf-dist/tex/latex/inconsolata/zi4.sty
Package: zi4 2019/05/17 v1.12

`inconsolata-zi4' v1.12, 2019/05/17 Text macros for Inconsolata (msharpe)
\zifour@ocount=\count104
)
(/usr/share/texmf-dist/tex/latex/float/float.sty
Package: float 2001/11/08 v1.3d Float enhancements (AL)
\c@float@type=\count105
\float@exts=\toks23
\float@box=\box29
\@float@everytoks=\toks24
\@floatcapt=\box30
)
(/usr/share/texmf-dist/tex/latex/newtx/newtxmath.sty
Package: newtxmath 2019/10/25 v1.606

`newtxmath' v1.606, 2019/10/25 Math macros based originally on txfonts (msharpe
) (/usr/share/texmf-dist/tex/latex/amsmath/amsmath.sty
Package: amsmath 2019/04/01 v2.17c AMS math features
\@mathmargin=\skip51

For additional information on amsmath, use the `?' option.
(/usr/share/texmf-dist/tex/latex/amsmath/amstext.sty
Package: amstext 2000/06/29 v2.01 AMS text

(/usr/share/texmf-dist/tex/latex/amsmath/amsgen.sty
File: amsgen.sty 1999/11/30 v2.0 generic functions
\@emptytoks=\toks25
\ex@=\dimen125
))
(/usr/share/texmf-dist/tex/latex/amsmath/amsbsy.sty
Package: amsbsy 1999/11/29 v1.2d Bold Symbols
\pmbraise@=\dimen126
)
(/usr/share/texmf-dist/tex/latex/amsmath/amsopn.sty
Package: amsopn 2016/03/08 v2.02 operator names
)
\inf@bad=\count106
LaTeX Info: Redefining \frac on input line 227.
\uproot@=\count107
\leftroot@=\count108
LaTeX Info: Redefining \overline on input line 389.
\classnum@=\count109
\DOTSCASE@=\count110
LaTeX Info: Redefining \ldots on input line 486.
LaTeX Info: Redefining \dots on input line 489.
LaTeX Info: Redefining \cdots on input line 610.
\Mathstrutbox@=\box31
\strutbox@=\box32
\big@size=\dimen127
LaTeX Font Info:    Redeclaring font encoding OML on input line 733.
LaTeX Font Info:    Redeclaring font encoding OMS on input line 734.
\macc@depth=\count111
\c@MaxMatrixCols=\count112
\dotsspace@=\muskip11
\c@parentequation=\count113
\dspbrk@lvl=\count114
\tag@help=\toks26
\row@=\count115
\column@=\count116
\maxfields@=\count117
\andhelp@=\toks27
\eqnshift@=\dimen128
\alignsep@=\dimen129
\tagshift@=\dimen130
\tagwidth@=\dimen131
\totwidth@=\dimen132
\lineht@=\dimen133
\@envbody=\toks28
\multlinegap=\skip52
\multlinetaggap=\skip53
\mathdisplay@stack=\toks29
LaTeX Info: Redefining \[ on input line 2855.
LaTeX Info: Redefining \] on input line 2856.
)
(/usr/share/texmf-dist/tex/latex/etoolbox/etoolbox.sty
Package: etoolbox 2019/09/21 v2.5h e-TeX tools for LaTeX (JAW)
\etb@tempcnta=\count118
)
(/usr/share/texmf-dist/tex/latex/oberdiek/centernot.sty
Package: centernot 2016/05/16 v1.4 Centers the not symbol horizontally (HO)
)
\tx@cntz=\count119

(/usr/share/texmf-dist/tex/generic/kastrup/binhex.tex)
\tx@Isdigit=\count120
\tx@IsAlNum=\count121
\tx@tA=\toks30
\tx@tB=\toks31
\tx@su=\read1
LaTeX Font Info:    Redeclaring symbol font `operators' on input line 304.
LaTeX Font Info:    Overwriting symbol font `operators' in version `normal'
(Font)                  OT1/cmr/m/n --> OT1/LinuxLibertineT-TOsF/m/n on input l
ine 304.
LaTeX Font Info:    Overwriting symbol font `operators' in version `bold'
(Font)                  OT1/cmr/bx/n --> OT1/LinuxLibertineT-TOsF/m/n on input 
line 304.
LaTeX Font Info:    Overwriting symbol font `operators' in version `bold'
(Font)                  OT1/LinuxLibertineT-TOsF/m/n --> OT1/LinuxLibertineT-TO
sF/sb/n on input line 305.
LaTeX Font Info:    Redeclaring math alphabet \mathsf on input line 313.
LaTeX Font Info:    Overwriting math alphabet `\mathsf' in version `normal'
(Font)                  OT1/cmss/m/n --> T1/LinuxBiolinumT-TOsF/m/n on input li
ne 313.
LaTeX Font Info:    Overwriting math alphabet `\mathsf' in version `bold'
(Font)                  OT1/cmss/bx/n --> T1/LinuxBiolinumT-TOsF/m/n on input l
ine 313.
LaTeX Font Info:    Redeclaring math alphabet \mathit on input line 314.
LaTeX Font Info:    Overwriting math alphabet `\mathit' in version `normal'
(Font)                  OT1/cmr/m/it --> OT1/LinuxLibertineT-TOsF/m/it on input
 line 314.
LaTeX Font Info:    Overwriting math alphabet `\mathit' in version `bold'
(Font)                  OT1/cmr/bx/it --> OT1/LinuxLibertineT-TOsF/m/it on inpu
t line 314.
LaTeX Font Info:    Redeclaring math alphabet \mathtt on input line 315.
LaTeX Font Info:    Overwriting math alphabet `\mathtt' in version `normal'
(Font)                  OT1/cmtt/m/n --> T1/zi4/m/n on input line 315.
LaTeX Font Info:    Overwriting math alphabet `\mathtt' in version `bold'
(Font)                  OT1/cmtt/m/n --> T1/zi4/m/n on input line 315.
LaTeX Font Info:    Redeclaring math alphabet \mathbf on input line 317.
LaTeX Font Info:    Overwriting math alphabet `\mathbf' in version `normal'
(Font)                  OT1/cmr/bx/n --> OT1/LinuxLibertineT-TOsF/sb/n on input
 line 317.
LaTeX Font Info:    Overwriting math alphabet `\mathbf' in version `bold'
(Font)                  OT1/cmr/bx/n --> OT1/LinuxLibertineT-TOsF/sb/n on input
 line 317.
LaTeX Font Info:    Overwriting math alphabet `\mathit' in version `bold'
(Font)                  OT1/LinuxLibertineT-TOsF/m/it --> OT1/LinuxLibertineT-T
OsF/sb/it on input line 318.
LaTeX Font Info:    Overwriting math alphabet `\mathsf' in version `bold'
(Font)                  T1/LinuxBiolinumT-TOsF/m/n --> T1/LinuxBiolinumT-TOsF/b
/n on input line 319.
LaTeX Font Info:    Overwriting math alphabet `\mathtt' in version `bold'
(Font)                  T1/zi4/m/n --> T1/zi4/b/n on input line 320.
LaTeX Font Info:    Redeclaring symbol font `letters' on input line 337.
LaTeX Font Info:    Overwriting symbol font `letters' in version `normal'
(Font)                  OML/cmm/m/it --> OML/nxlmi/m/it on input line 337.
LaTeX Font Info:    Overwriting symbol font `letters' in version `bold'
(Font)                  OML/cmm/b/it --> OML/nxlmi/m/it on input line 337.
LaTeX Font Info:    Overwriting symbol font `letters' in version `bold'
(Font)                  OML/nxlmi/m/it --> OML/nxlmi/b/it on input line 338.
\symlettersA=\mathgroup4
LaTeX Font Info:    Overwriting symbol font `lettersA' in version `bold'
(Font)                  U/ntxmia/m/it --> U/ntxmia/b/it on input line 448.
Now handling font encoding LMS ...
... no UTF-8 mapping file for font encoding LMS
LaTeX Font Info:    Redeclaring symbol font `symbols' on input line 469.
LaTeX Font Info:    Encoding `OMS' has changed to `LMS' for symbol font
(Font)              `symbols' in the math version `normal' on input line 469.
LaTeX Font Info:    Overwriting symbol font `symbols' in version `normal'
(Font)                  OMS/cmsy/m/n --> LMS/ntxsy/m/n on input line 469.
LaTeX Font Info:    Encoding `OMS' has changed to `LMS' for symbol font
(Font)              `symbols' in the math version `bold' on input line 469.
LaTeX Font Info:    Overwriting symbol font `symbols' in version `bold'
(Font)                  OMS/cmsy/b/n --> LMS/ntxsy/m/n on input line 469.
LaTeX Font Info:    Overwriting symbol font `symbols' in version `bold'
(Font)                  LMS/ntxsy/m/n --> LMS/ntxsy/b/n on input line 470.
\symAMSm=\mathgroup5
LaTeX Font Info:    Overwriting symbol font `AMSm' in version `bold'
(Font)                  U/ntxsym/m/n --> U/ntxsym/b/n on input line 493.
\symsymbolsC=\mathgroup6
LaTeX Font Info:    Overwriting symbol font `symbolsC' in version `bold'
(Font)                  U/ntxsyc/m/n --> U/ntxsyc/b/n on input line 514.
Now handling font encoding LMX ...
... no UTF-8 mapping file for font encoding LMX
LaTeX Font Info:    Redeclaring symbol font `largesymbols' on input line 527.
LaTeX Font Info:    Encoding `OMX' has changed to `LMX' for symbol font
(Font)              `largesymbols' in the math version `normal' on input line 5
27.
LaTeX Font Info:    Overwriting symbol font `largesymbols' in version `normal'
(Font)                  OMX/cmex/m/n --> LMX/ntxexx/m/n on input line 527.
LaTeX Font Info:    Encoding `OMX' has changed to `LMX' for symbol font
(Font)              `largesymbols' in the math version `bold' on input line 527
.
LaTeX Font Info:    Overwriting symbol font `largesymbols' in version `bold'
(Font)                  OMX/cmex/m/n --> LMX/ntxexx/m/n on input line 527.
LaTeX Font Info:    Overwriting symbol font `largesymbols' in version `bold'
(Font)                  LMX/ntxexx/m/n --> LMX/ntxexx/b/n on input line 528.
\symlargesymbolsTXA=\mathgroup7
LaTeX Font Info:    Overwriting symbol font `largesymbolsTXA' in version `bold'

(Font)                  U/ntxexa/m/n --> U/ntxexa/b/n on input line 542.
\tx@sbptoks=\toks32
LaTeX Font Info:    Redeclaring math delimiter \lgroup on input line 750.
LaTeX Font Info:    Redeclaring math delimiter \rgroup on input line 751.
LaTeX Font Info:    Redeclaring math delimiter \lmoustache on input line 752.
LaTeX Font Info:    Redeclaring math delimiter \rmoustache on input line 753.
LaTeX Font Info:    Redeclaring math delimiter \lfloor on input line 759.
LaTeX Font Info:    Redeclaring math delimiter \rfloor on input line 760.
LaTeX Font Info:    Redeclaring math delimiter \lceil on input line 761.
LaTeX Font Info:    Redeclaring math delimiter \rceil on input line 762.
LaTeX Font Info:    Redeclaring math delimiter \lbrace on input line 763.
LaTeX Font Info:    Redeclaring math delimiter \rbrace on input line 764.
LaTeX Font Info:    Redeclaring math delimiter \langle on input line 765.
LaTeX Font Info:    Redeclaring math delimiter \rangle on input line 767.
LaTeX Font Info:    Redeclaring math symbol \mid on input line 769.
LaTeX Font Info:    Redeclaring math delimiter \arrowvert on input line 771.
LaTeX Font Info:    Redeclaring math delimiter \vert on input line 772.
LaTeX Font Info:    Redeclaring math symbol \parallel on input line 773.
LaTeX Font Info:    Redeclaring math delimiter \Arrowvert on input line 774.
LaTeX Font Info:    Redeclaring math delimiter \Vert on input line 775.
LaTeX Font Info:    Redeclaring math delimiter \updownarrow on input line 777.
LaTeX Font Info:    Redeclaring math delimiter \Updownarrow on input line 778.
LaTeX Font Info:    Redeclaring math delimiter \lvert on input line 783.
LaTeX Font Info:    Redeclaring math delimiter \rvert on input line 784.
LaTeX Font Info:    Redeclaring math delimiter \lVert on input line 785.
LaTeX Font Info:    Redeclaring math delimiter \rVert on input line 786.
LaTeX Font Info:    Redeclaring math symbol \hbar on input line 818.
LaTeX Font Info:    Redeclaring math accent \dot on input line 839.
LaTeX Font Info:    Redeclaring math accent \ddot on input line 840.
LaTeX Font Info:    Redeclaring math accent \vec on input line 1903.
\ntx@numstart=\count122
\ntx@UCstart=\count123
\ntx@lcstart=\count124
\ntx@tmpc=\count125
\ntx@imath=\count126
\ntx@jmath=\count127
LaTeX Info: Redefining \not on input line 2518.
)
(/usr/share/texmf-dist/tex/latex/listings/listings.sty
\lst@mode=\count128
\lst@gtempboxa=\box33
\lst@token=\toks33
\lst@length=\count129
\lst@currlwidth=\dimen134
\lst@column=\count130
\lst@pos=\count131
\lst@lostspace=\dimen135
\lst@width=\dimen136
\lst@newlines=\count132
\lst@lineno=\count133
\lst@maxwidth=\dimen137

(/usr/share/texmf-dist/tex/latex/listings/lstmisc.sty
File: lstmisc.sty 2019/09/10 1.8c (Carsten Heinz)
\c@lstnumber=\count134
\lst@skipnumbers=\count135
\lst@framebox=\box34
)
(/usr/share/texmf-dist/tex/latex/listings/listings.cfg
File: listings.cfg 2019/09/10 1.8c listings configuration
))
Package: listings 2019/09/10 1.8c (Carsten Heinz)

(/usr/share/texmf-dist/tex/latex/listings/lstlang1.sty
File: lstlang1.sty 2019/09/10 1.8c listings language file
)
(/usr/share/texmf-dist/tex/latex/listings/lstlang1.sty
File: lstlang1.sty 2019/09/10 1.8c listings language file
)
(/usr/share/texmf-dist/tex/latex/listings/lstmisc.sty
File: lstmisc.sty 2019/09/10 1.8c (Carsten Heinz)
)
(/usr/share/texmf-dist/tex/latex/xcolor/xcolor.sty
Package: xcolor 2016/05/11 v2.12 LaTeX color extensions (UK)

(/usr/share/texmf-dist/tex/latex/graphics-cfg/color.cfg
File: color.cfg 2016/01/02 v1.6 sample color configuration
)
Package xcolor Info: Driver file: pdftex.def on input line 225.
LaTeX Info: Redefining \color on input line 709.
Package xcolor Info: Model `cmy' substituted by `cmy0' on input line 1348.
Package xcolor Info: Model `hsb' substituted by `rgb' on input line 1352.
Package xcolor Info: Model `RGB' extended on input line 1364.
Package xcolor Info: Model `HTML' substituted by `rgb' on input line 1366.
Package xcolor Info: Model `Hsb' substituted by `hsb' on input line 1367.
Package xcolor Info: Model `tHsb' substituted by `hsb' on input line 1368.
Package xcolor Info: Model `HSB' substituted by `hsb' on input line 1369.
Package xcolor Info: Model `Gray' substituted by `gray' on input line 1370.
Package xcolor Info: Model `wave' substituted by `hsb' on input line 1371.
)
(./glscopeclient-manual.aux (./section-revision.aux) (./section-legal.aux)
(./section-gettingstarted.aux) (./section-transports.aux)
(./section-drivers.aux) (./section-mainwindow.aux)
(./section-waveformgroups.aux) (./section-timeline.aux)
(./section-waveformviews.aux) (./section-history.aux)
(./section-protoanalyzer.aux) (./section-decodes.aux))
\openout1 = `glscopeclient-manual.aux'.

LaTeX Font Info:    Checking defaults for OML/nxlmi/m/it on input line 53.
LaTeX Font Info:    Trying to load font information for OML+nxlmi on input line
 53.

(/usr/share/texmf-dist/tex/latex/newtx/omlnxlmi.fd
File: omlnxlmi.fd 2013/11/19 Fontinst v1.933 font definitions for OML/nxlmi.
)
LaTeX Font Info:    ... okay on input line 53.
LaTeX Font Info:    Checking defaults for T1/cmr/m/n on input line 53.
LaTeX Font Info:    ... okay on input line 53.
LaTeX Font Info:    Checking defaults for OT1/cmr/m/n on input line 53.
LaTeX Font Info:    ... okay on input line 53.
LaTeX Font Info:    Checking defaults for OMS/cmsy/m/n on input line 53.
LaTeX Font Info:    ... okay on input line 53.
LaTeX Font Info:    Checking defaults for OMX/cmex/m/n on input line 53.
LaTeX Font Info:    ... okay on input line 53.
LaTeX Font Info:    Checking defaults for U/ntxexa/m/n on input line 53.
LaTeX Font Info:    Trying to load font information for U+ntxexa on input line 
53.

(/usr/share/texmf-dist/tex/latex/newtx/untxexa.fd
File: untxexa.fd 2012/04/16 Fontinst v1.933 font definitions for U/ntxexa.
)
LaTeX Font Info:    ... okay on input line 53.
LaTeX Font Info:    Checking defaults for PD1/pdf/m/n on input line 53.
LaTeX Font Info:    ... okay on input line 53.
LaTeX Font Info:    Checking defaults for TS1/cmr/m/n on input line 53.
LaTeX Font Info:    Trying to load font information for TS1+cmr on input line 5
3.

(/usr/share/texmf-dist/tex/latex/base/ts1cmr.fd
File: ts1cmr.fd 2014/09/29 v2.5h Standard LaTeX font definitions
)
LaTeX Font Info:    ... okay on input line 53.
LaTeX Font Info:    Checking defaults for LMS/ntxsy/m/n on input line 53.
LaTeX Font Info:    Trying to load font information for LMS+ntxsy on input line
 53.

(/usr/share/texmf-dist/tex/latex/newtx/lmsntxsy.fd
File: lmsntxsy.fd 2016/07/02 Fontinst v1.933 font definitions for LMS/ntxsy.
)
LaTeX Font Info:    ... okay on input line 53.
LaTeX Font Info:    Checking defaults for LMX/ntxexx/m/n on input line 53.
LaTeX Font Info:    Trying to load font information for LMX+ntxexx on input lin
e 53.

(/usr/share/texmf-dist/tex/latex/newtx/lmxntxexx.fd
File: lmxntxexx.fd 2016/07/03 Fontinst v1.933 font definitions for LMX/ntxexx.
)
LaTeX Font Info:    ... okay on input line 53.
LaTeX Font Info:    Trying to load font information for T1+LinuxLibertineT-TOsF
 on input line 53.

(/usr/share/texmf-dist/tex/latex/libertine/T1LinuxLibertineT-TOsF.fd
File: T1LinuxLibertineT-TOsF.fd 2017/03/20 (autoinst) Font definitions for T1/L
inuxLibertineT-TOsF.
)
LaTeX Font Info:    Font shape `T1/LinuxLibertineT-TOsF/m/n' will be
(Font)              scaled to size 10.95pt on input line 53.

*geometry* driver: auto-detecting
*geometry* detected driver: pdftex
*geometry* verbose mode - [ preamble ] result:
* driver: pdftex
* paper: <default>
* layout: <same size as paper>
* layoutoffset:(h,v)=(0.0pt,0.0pt)
* modes: 
* h-part:(L,W,R)=(72.26999pt, 469.75502pt, 72.26999pt)
* v-part:(T,H,B)=(43.36243pt, 708.24513pt, 43.36243pt)
* \paperwidth=614.295pt
* \paperheight=794.96999pt
* \textwidth=469.75502pt
* \textheight=708.24513pt
* \oddsidemargin=0.0pt
* \evensidemargin=0.0pt
* \topmargin=-65.90756pt
* \headheight=12.0pt
* \headsep=25.0pt
* \topskip=11.0pt
* \footskip=30.0pt
* \marginparwidth=59.0pt
* \marginparsep=10.0pt
* \columnsep=10.0pt
* \skip\footins=10.0pt plus 4.0pt minus 2.0pt
* \hoffset=0.0pt
* \voffset=0.0pt
* \mag=1000
* \@twocolumnfalse
* \@twosidefalse
* \@mparswitchfalse
* \@reversemarginfalse
* (1in=72.27pt=25.4mm, 1cm=28.453pt)

\AtBeginShipoutBox=\box35
Package hyperref Info: Link coloring ON on input line 53.
(/usr/share/texmf-dist/tex/latex/hyperref/nameref.sty
Package: nameref 2019/09/16 v2.46 Cross-referencing by name of section

(/usr/share/texmf-dist/tex/generic/oberdiek/gettitlestring.sty
Package: gettitlestring 2016/05/16 v1.5 Cleanup title references (HO)
)
\c@section@level=\count136
)
LaTeX Info: Redefining \ref on input line 53.
LaTeX Info: Redefining \pageref on input line 53.
LaTeX Info: Redefining \nameref on input line 53.

(./glscopeclient-manual.out) (./glscopeclient-manual.out)
\@outlinefile=\write3
\openout3 = `glscopeclient-manual.out'.


(/usr/share/texmf-dist/tex/context/base/mkii/supp-pdf.mkii
[Loading MPS to PDF converter (version 2006.09.02).]
\scratchcounter=\count137
\scratchdimen=\dimen138
\scratchbox=\box36
\nofMPsegments=\count138
\nofMParguments=\count139
\everyMPshowfont=\toks34
\MPscratchCnt=\count140
\MPscratchDim=\dimen139
\MPnumerator=\count141
\makeMPintoPDFobject=\count142
\everyMPtoPDFconversion=\toks35
) (/usr/share/texmf-dist/tex/latex/oberdiek/epstopdf-base.sty
Package: epstopdf-base 2016/05/15 v2.6 Base part for package epstopdf

(/usr/share/texmf-dist/tex/latex/oberdiek/grfext.sty
Package: grfext 2016/05/16 v1.2 Manage graphics extensions (HO)
)
Package epstopdf-base Info: Redefining graphics rule for `.eps' on input line 4
38.
Package grfext Info: Graphics extension search list:
(grfext)             [.pdf,.png,.jpg,.mps,.jpeg,.jbig2,.jb2,.PDF,.PNG,.JPG,.JPE
G,.JBIG2,.JB2,.eps]
(grfext)             \AppendGraphicsExtensions on input line 456.

(/usr/share/texmf-dist/tex/latex/latexconfig/epstopdf-sys.cfg
File: epstopdf-sys.cfg 2010/07/13 v1.3 Configuration of (r)epstopdf for TeX Liv
e
))
\c@mv@tabular=\count143
\c@mv@boldtabular=\count144

(/usr/share/texmf-dist/tex/latex/upquote/upquote.sty
Package: upquote 2012/04/19 v1.3 upright-quote and grave-accent glyphs in verba
tim
)
\c@lstlisting=\count145
LaTeX Font Info:    Font shape `T1/LinuxLibertineT-TOsF/m/n' will be
(Font)              scaled to size 17.28pt on input line 61.
LaTeX Font Info:    Font shape `T1/LinuxLibertineT-TOsF/m/n' will be
(Font)              scaled to size 12.0pt on input line 61.
LaTeX Font Info:    Trying to load font information for OT1+LinuxLibertineT-TOs
F on input line 61.

(/usr/share/texmf-dist/tex/latex/libertine/OT1LinuxLibertineT-TOsF.fd
File: OT1LinuxLibertineT-TOsF.fd 2017/03/20 (autoinst) Font definitions for OT1
/LinuxLibertineT-TOsF.
)
LaTeX Font Info:    Font shape `OT1/LinuxLibertineT-TOsF/m/n' will be
(Font)              scaled to size 12.0pt on input line 61.
LaTeX Font Info:    Font shape `OT1/LinuxLibertineT-TOsF/m/n' will be
(Font)              scaled to size 8.8pt on input line 61.
LaTeX Font Info:    Font shape `OT1/LinuxLibertineT-TOsF/m/n' will be
(Font)              scaled to size 6.6pt on input line 61.
LaTeX Font Info:    Trying to load font information for U+ntxmia on input line 
61.

(/usr/share/texmf-dist/tex/latex/newtx/untxmia.fd
File: untxmia.fd 2018/04/14 Fontinst v1.933 font definitions for U/ntxmia.
)
LaTeX Font Info:    Trying to load font information for U+ntxsym on input line 
61.

(/usr/share/texmf-dist/tex/latex/newtx/untxsym.fd
File: untxsym.fd 2015/03/20 Fontinst v1.933 font definitions for U/ntxsym.
)
LaTeX Font Info:    Trying to load font information for U+ntxsyc on input line 
61.

(/usr/share/texmf-dist/tex/latex/newtx/untxsyc.fd
File: untxsyc.fd 2012/04/12 Fontinst v1.933 font definitions for U/ntxsyc.
)
LaTeX Font Info:    Font shape `T1/LinuxLibertineT-TOsF/m/n' will be
(Font)              scaled to size 10.0pt on input line 61.
LaTeX Font Info:    Font shape `T1/LinuxLibertineT-TOsF/b/n' will be
(Font)              scaled to size 10.0pt on input line 61.
 [1

{/var/lib/texmf/fonts/map/pdftex/updmap/pdftex.map}]
LaTeX Font Info:    Font shape `T1/LinuxLibertineT-TOsF/m/n' will be
(Font)              scaled to size 14.4pt on input line 73.
LaTeX Font Info:    Font shape `T1/LinuxLibertineT-TOsF/b/n' will be
(Font)              scaled to size 14.4pt on input line 73.
 (./glscopeclient-manual.toc
LaTeX Font Info:    Font shape `T1/LinuxLibertineT-TOsF/b/n' will be
(Font)              scaled to size 10.95pt on input line 1.
LaTeX Font Info:    Font shape `OT1/LinuxLibertineT-TOsF/m/n' will be
(Font)              scaled to size 10.95pt on input line 3.
LaTeX Font Info:    Font shape `OT1/LinuxLibertineT-TOsF/m/n' will be
(Font)              scaled to size 8.0pt on input line 3.
LaTeX Font Info:    Font shape `OT1/LinuxLibertineT-TOsF/m/n' will be
(Font)              scaled to size 6.1pt on input line 3.
 [2] [3] [4])
\tf@toc=\write4
\openout4 = `glscopeclient-manual.toc'.

 [5]
\openout2 = `section-revision.aux'.


(./section-revision.tex
LaTeX Font Info:    Trying to load font information for TS1+LinuxLibertineT-TOs
F on input line 3.

(/usr/share/texmf-dist/tex/latex/libertine/TS1LinuxLibertineT-TOsF.fd
File: TS1LinuxLibertineT-TOsF.fd 2017/03/20 (autoinst) Font definitions for TS1
/LinuxLibertineT-TOsF.
)
LaTeX Font Info:    Font shape `TS1/LinuxLibertineT-TOsF/m/n' will be
(Font)              scaled to size 10.95pt on input line 3.
)
[6

]
\openout2 = `section-legal.aux'.

 (./section-legal.tex
LaTeX Font Info:    Font shape `T1/LinuxLibertineT-TOsF/b/n' will be
(Font)              scaled to size 12.0pt on input line 3.
) [7


]
\openout2 = `section-gettingstarted.aux'.

 (./section-gettingstarted.tex
LaTeX Font Info:    Trying to load font information for T1+zi4 on input line 5.


(/usr/share/texmf-dist/tex/latex/inconsolata/t1zi4.fd
File: t1zi4.fd 2018/01/14 T1/zi4 (Inconsolata)
)
LaTeX Font Info:    Font shape `T1/zi4/m/n' will be
(Font)              scaled to size 10.95pt on input line 5.

Overfull \hbox (2.48868pt too wide) in paragraph at lines 40--43
\T1/LinuxLibertineT-TOsF/m/n/10.95 glscopeclient uses the lib-scope-hal li-brar
y to com-mu-ni-cate with os-cil-lo-scopes, so any libscopehal-compatible
 []

(/usr/share/texmf-dist/tex/latex/listings/lstlang1.sty
File: lstlang1.sty 2019/09/10 1.8c listings language file
)
LaTeX Font Info:    Font shape `T1/zi4/m/n' will be
(Font)              scaled to size 10.0pt on input line 52.
LaTeX Font Info:    Font shape `T1/zi4/bx/n' in size <10> not available
(Font)              Font shape `T1/zi4/b/n' tried instead on input line 61.
LaTeX Font Info:    Font shape `T1/zi4/b/n' will be
(Font)              scaled to size 10.0pt on input line 61.
 [8


]
Underfull \hbox (badness 10000) in paragraph at lines 90--92

 []

[9]
<images/connection-dialog.png, id=846, 354.32375pt x 190.7125pt>
File: images/connection-dialog.png Graphic file (type png)
<use images/connection-dialog.png>
Package pdftex.def Info: images/connection-dialog.png  used on input line 169.
(pdftex.def)             Requested size: 170.71652pt x 91.88724pt.
 [10pdfTeX warning (ext4): destination with the same identifier (name{figure.1}
) has been already used, duplicate ignored

\AtBegShi@Output ...ipout \box \AtBeginShipoutBox 
                                                  \fi \fi 
l.193 \item D
             river name. This is a string identifying the command protocol t...
 <./images/connection-dialog.png>]) [11]
\openout2 = `section-transports.aux'.

 (./section-transports.tex) [12


]
\openout2 = `section-drivers.aux'.


(./section-drivers.tex
Overfull \hbox (2.48906pt too wide) in paragraph at lines 20--21
[][] 
 []

[13


]
Overfull \hbox (2.48906pt too wide) in paragraph at lines 81--82
[][] 
 []


Underfull \hbox (badness 10000) in paragraph at lines 95--97

 []


Overfull \hbox (2.48906pt too wide) in paragraph at lines 123--124
[][] 
 []

[14]
Overfull \hbox (2.48906pt too wide) in paragraph at lines 167--168
[][] 
 []

) [15]
\openout2 = `section-mainwindow.aux'.

 (./section-mainwindow.tex
File: images/eye-gradient-crt.png Graphic file (type png)
<use images/eye-gradient-crt.png>
Package pdftex.def Info: images/eye-gradient-crt.png  used on input line 44.
(pdftex.def)             Requested size: 142.26378pt x 17.78688pt.
File: images/eye-gradient-grayscale.png Graphic file (type png)
<use images/eye-gradient-grayscale.png>
Package pdftex.def Info: images/eye-gradient-grayscale.png  used on input line 
44.
(pdftex.def)             Requested size: 142.26378pt x 17.78688pt.
File: images/eye-gradient-ironbow.png Graphic file (type png)
<use images/eye-gradient-ironbow.png>
Package pdftex.def Info: images/eye-gradient-ironbow.png  used on input line 44
.
(pdftex.def)             Requested size: 142.26378pt x 17.78688pt.
File: images/eye-gradient-krain.png Graphic file (type png)
<use images/eye-gradient-krain.png>
Package pdftex.def Info: images/eye-gradient-krain.png  used on input line 44.
(pdftex.def)             Requested size: 142.26378pt x 17.78688pt.
File: images/eye-gradient-rainbow.png Graphic file (type png)
<use images/eye-gradient-rainbow.png>
Package pdftex.def Info: images/eye-gradient-rainbow.png  used on input line 44
.
(pdftex.def)             Requested size: 142.26378pt x 17.78688pt.
File: images/eye-gradient-viridis.png Graphic file (type png)
<use images/eye-gradient-viridis.png>
Package pdftex.def Info: images/eye-gradient-viridis.png  used on input line 44
.
(pdftex.def)             Requested size: 142.26378pt x 17.78688pt.

Overfull \hbox (2.48906pt too wide) in paragraph at lines 44--45
[][] 
 []

<images/toolbar.png, id=910, 1284.8pt x 44.165pt>
File: images/toolbar.png Graphic file (type png)
<use images/toolbar.png>
Package pdftex.def Info: images/toolbar.png  used on input line 56.
(pdftex.def)             Requested size: 455.24408pt x 15.64868pt.
[16


pdfTeX warning (ext4): destination with the same identifier (name{figure.2}) ha
s been already used, duplicate ignored

\AtBegShi@Output ...ipout \box \AtBeginShipoutBox 
                                                  \fi \fi 
l.68 
      <./images/eye-gradient-crt.png> <./images/eye-gradient-grayscale.png> <./
images/eye-gradient-ironbow.png> <./images/eye-gradient-krain.png> <./images/ey
e-gradient-rainbow.png> <./images/eye-gradient-viridis.png> <./images/toolbar.p
ng>]
<images/capture-icons.png, id=923, 124.465pt x 42.1575pt>
File: images/capture-icons.png Graphic file (type png)
<use images/capture-icons.png>
Package pdftex.def Info: images/capture-icons.png  used on input line 71.
(pdftex.def)             Requested size: 84.00455pt x 28.45274pt.
<images/history-button.png, id=926, 43.16125pt x 43.16125pt>
File: images/history-button.png Graphic file (type png)
<use images/history-button.png>
Package pdftex.def Info: images/history-button.png  used on input line 82.
(pdftex.def)             Requested size: 28.45291pt x 28.45274pt.
<images/opacity-slider.png, id=930, 275.0275pt x 36.135pt>
File: images/opacity-slider.png Graphic file (type png)
<use images/opacity-slider.png>
Package pdftex.def Info: images/opacity-slider.png  used on input line 96.
(pdftex.def)             Requested size: 216.55592pt x 28.45274pt.
<images/sparse-waveform.png, id=931, 1173.38374pt x 152.57pt>
File: images/sparse-waveform.png Graphic file (type png)
<use images/sparse-waveform.png>
Package pdftex.def Info: images/sparse-waveform.png  used on input line 103.
(pdftex.def)             Requested size: 284.52756pt x 36.99467pt.
<images/dim-waveform.png, id=932, 1182.4175pt x 155.58125pt>
File: images/dim-waveform.png Graphic file (type png)
<use images/dim-waveform.png>
Package pdftex.def Info: images/dim-waveform.png  used on input line 110.
(pdftex.def)             Requested size: 284.52756pt x 37.43759pt.
<images/washedout-waveform.png, id=934, 749.80125pt x 159.59625pt>
File: images/washedout-waveform.png Graphic file (type png)
<use images/washedout-waveform.png>
Package pdftex.def Info: images/washedout-waveform.png  used on input line 125.

(pdftex.def)             Requested size: 284.52756pt x 60.56195pt.
 [17pdfTeX warning (ext4): destination with the same identifier (name{figure.3}
) has been already used, duplicate ignored

\AtBegShi@Output ...ipout \box \AtBeginShipoutBox 
                                                  \fi \fi 
l.129 
      pdfTeX warning (ext4): destination with the same identifier (name{figure.
4}) has been already used, duplicate ignored

\AtBegShi@Output ...ipout \box \AtBeginShipoutBox 
                                                  \fi \fi 
l.129 
      pdfTeX warning (ext4): destination with the same identifier (name{figure.
5}) has been already used, duplicate ignored

\AtBegShi@Output ...ipout \box \AtBeginShipoutBox 
                                                  \fi \fi 
l.129 
      pdfTeX warning (ext4): destination with the same identifier (name{figure.
6}) has been already used, duplicate ignored

\AtBegShi@Output ...ipout \box \AtBeginShipoutBox 
                                                  \fi \fi 
l.129 
      pdfTeX warning (ext4): destination with the same identifier (name{figure.
7}) has been already used, duplicate ignored

\AtBegShi@Output ...ipout \box \AtBeginShipoutBox 
                                                  \fi \fi 
l.129 
       <./images/capture-icons.png> <./images/history-button.png> <./images/opa
city-slider.png> <./images/sparse-waveform.png> <./images/dim-waveform.png>]
<images/graded-waveform.png, id=945, 748.7975pt x 155.58125pt>
File: images/graded-waveform.png Graphic file (type png)
<use images/graded-waveform.png>
Package pdftex.def Info: images/graded-waveform.png  used on input line 132.
(pdftex.def)             Requested size: 284.52756pt x 59.11673pt.
)
[18pdfTeX warning (ext4): destination with the same identifier (name{figure.8})
 has been already used, duplicate ignored

\AtBegShi@Output ...ipout \box \AtBeginShipoutBox 
                                                  \fi \fi 
l.91 \include{section-mainwindow}
                                 pdfTeX warning (ext4): destination with the sa
me identifier (name{figure.9}) has been already used, duplicate ignored

\AtBegShi@Output ...ipout \box \AtBeginShipoutBox 
                                                  \fi \fi 
l.91 \include{section-mainwindow}
                                  <./images/washedout-waveform.png> <./images/g
raded-waveform.png>]
\openout2 = `section-waveformgroups.aux'.

 (./section-waveformgroups.tex
<images/overview.png, id=952, 1290.8225pt x 835.12pt>
File: images/overview.png Graphic file (type png)
<use images/overview.png>
Package pdftex.def Info: images/overview.png  used on input line 11.
(pdftex.def)             Requested size: 369.88582pt x 239.29869pt.
LaTeX Font Info:    Font shape `T1/LinuxLibertineT-TOsF/m/n' will be
(Font)              scaled to size 8.0pt on input line 26.
LaTeX Font Info:    Font shape `T1/LinuxLibertineT-TOsF/m/n' will be
(Font)              scaled to size 9.0pt on input line 30.
LaTeX Font Info:    Font shape `OT1/LinuxLibertineT-TOsF/m/n' will be
(Font)              scaled to size 9.0pt on input line 30.
LaTeX Font Info:    Font shape `OT1/LinuxLibertineT-TOsF/m/n' will be
(Font)              scaled to size 7.3pt on input line 30.
LaTeX Font Info:    Font shape `OT1/LinuxLibertineT-TOsF/m/n' will be
(Font)              scaled to size 5.5pt on input line 30.
LaTeX Font Info:    Font shape `T1/LinuxLibertineT-TOsF/m/n' will be
(Font)              scaled to size 7.3pt on input line 30.
 [19


pdfTeX warning (ext4): destination with the same identifier (name{figure.10}) h
as been already used, duplicate ignored

\AtBegShi@Output ...ipout \box \AtBeginShipoutBox 
                                                  \fi \fi 
l.50 
      <./images/overview.png>]
<images/multiple-groups.png, id=963, 1290.8225pt x 835.12pt>
File: images/multiple-groups.png Graphic file (type png)
<use images/multiple-groups.png>
Package pdftex.def Info: images/multiple-groups.png  used on input line 53.
(pdftex.def)             Requested size: 398.33858pt x 257.71217pt.
) [20pdfTeX warning (ext4): destination with the same identifier (name{figure.1
1}) has been already used, duplicate ignored

\AtBegShi@Output ...ipout \box \AtBeginShipoutBox 
                                                  \fi \fi 
l.95 \include{section-waveformgroups}
                                      <./images/multiple-groups.png>]
\openout2 = `section-timeline.aux'.


(./section-timeline.tex
LaTeX Font Info:    Font shape `T1/LinuxLibertineT-TOsF/m/it' will be
(Font)              scaled to size 10.95pt on input line 8.
<images/timeline.png, id=970, 565.11125pt x 41.15375pt>
File: images/timeline.png Graphic file (type png)
<use images/timeline.png>
Package pdftex.def Info: images/timeline.png  used on input line 14.
(pdftex.def)             Requested size: 369.88582pt x 26.93736pt.

Overfull \hbox (2.10071pt too wide) in paragraph at lines 19--20
[]\T1/LinuxLibertineT-TOsF/m/n/10.95 TODO: talk about how to set trig-ger off-s
et within ac-qui-si-tion, once im-ple-mented (scope-hal:21, scopehal-
 []

<images/timebase-properties.png, id=972, 281.05pt x 187.70125pt>
File: images/timebase-properties.png Graphic file (type png)
<use images/timebase-properties.png>
Package pdftex.def Info: images/timebase-properties.png  used on input line 27.

(pdftex.def)             Requested size: 142.26378pt x 95.01035pt.
) [21


pdfTeX warning (ext4): destination with the same identifier (name{figure.12}) h
as been already used, duplicate ignored

\AtBegShi@Output ...ipout \box \AtBeginShipoutBox 
                                                  \fi \fi 
l.98 \include{section-timeline}
                               pdfTeX warning (ext4): destination with the same
 identifier (name{figure.13}) has been already used, duplicate ignored

\AtBegShi@Output ...ipout \box \AtBeginShipoutBox 
                                                  \fi \fi 
l.98 \include{section-timeline}
                                <./images/timeline.png> <./images/timebase-prop
erties.png>]
\openout2 = `section-waveformviews.aux'.

 (./section-waveformviews.tex
<images/waveform-graph.png, id=981, 1112.155pt x 147.55125pt>
File: images/waveform-graph.png Graphic file (type png)
<use images/waveform-graph.png>
Package pdftex.def Info: images/waveform-graph.png  used on input line 15.
(pdftex.def)             Requested size: 284.52756pt x 37.74776pt.
File: images/graded-waveform.png Graphic file (type png)
<use images/graded-waveform.png>
Package pdftex.def Info: images/graded-waveform.png  used on input line 25.
(pdftex.def)             Requested size: 284.52756pt x 59.11673pt.
<images/y-axis.png, id=983, 76.285pt x 154.5775pt>
File: images/y-axis.png Graphic file (type png)
<use images/y-axis.png>
Package pdftex.def Info: images/y-axis.png  used on input line 43.
(pdftex.def)             Requested size: 42.12566pt x 85.35826pt.
<images/channel-infobox.png, id=984, 77.28876pt x 62.2325pt>
File: images/channel-infobox.png Graphic file (type png)
<use images/channel-infobox.png>
Package pdftex.def Info: images/channel-infobox.png  used on input line 56.
(pdftex.def)             Requested size: 56.9055pt x 45.82152pt.
 [22


pdfTeX warning (ext4): destination with the same identifier (name{figure.14}) h
as been already used, duplicate ignored

\AtBegShi@Output ...ipout \box \AtBeginShipoutBox 
                                                  \fi \fi 
l.60 
     pdfTeX warning (ext4): destination with the same identifier (name{figure.1
5}) has been already used, duplicate ignored

\AtBegShi@Output ...ipout \box \AtBeginShipoutBox 
                                                  \fi \fi 
l.60 
     pdfTeX warning (ext4): destination with the same identifier (name{figure.1
6}) has been already used, duplicate ignored

\AtBegShi@Output ...ipout \box \AtBeginShipoutBox 
                                                  \fi \fi 
l.60 
      <./images/waveform-graph.png> <./images/y-axis.png>]
<images/channel-properties.png, id=993, 375.4025pt x 163.61125pt>
File: images/channel-properties.png Graphic file (type png)
<use images/channel-properties.png>
Package pdftex.def Info: images/channel-properties.png  used on input line 69.
(pdftex.def)             Requested size: 227.62204pt x 99.20604pt.
<images/overlays.png, id=995, 289.5618pt x 65.7657pt>
File: images/overlays.png Graphic file (type png)
<use images/overlays.png>
Package pdftex.def Info: images/overlays.png  used on input line 86.
(pdftex.def)             Requested size: 398.33858pt x 90.47978pt.
) [23pdfTeX warning (ext4): destination with the same identifier (name{figure.1
7}) has been already used, duplicate ignored

\AtBegShi@Output ...ipout \box \AtBeginShipoutBox 
                                                  \fi \fi 
l.101 \include{section-waveformviews}
                                     pdfTeX warning (ext4): destination with th
e same identifier (name{figure.18}) has been already used, duplicate ignored

\AtBegShi@Output ...ipout \box \AtBeginShipoutBox 
                                                  \fi \fi 
l.101 \include{section-waveformviews}
                                     pdfTeX warning (ext4): destination with th
e same identifier (name{figure.19}) has been already used, duplicate ignored

\AtBegShi@Output ...ipout \box \AtBeginShipoutBox 
                                                  \fi \fi 
l.101 \include{section-waveformviews}
                                      <./images/channel-infobox.png> <./images/
channel-properties.png> <./images/overlays.png (PNG copy)>]
\openout2 = `section-history.aux'.


(./section-history.tex
<images/history-view.png, id=1005, 78.5334pt x 68.4156pt>
File: images/history-view.png Graphic file (type png)
<use images/history-view.png>
Package pdftex.def Info: images/history-view.png  used on input line 13.
(pdftex.def)             Requested size: 142.26378pt x 123.93822pt.
) [24


pdfTeX warning (ext4): destination with the same identifier (name{figure.20}) h
as been already used, duplicate ignored

\AtBegShi@Output ...ipout \box \AtBeginShipoutBox 
                                                  \fi \fi 
l.104 \include{section-history}
                                <./images/history-view.png>]
\openout2 = `section-protoanalyzer.aux'.


(./section-protoanalyzer.tex
<images/proto-analyzer.png, id=1013, 831.105pt x 330.23375pt>
File: images/proto-analyzer.png Graphic file (type png)
<use images/proto-analyzer.png>
Package pdftex.def Info: images/proto-analyzer.png  used on input line 15.
(pdftex.def)             Requested size: 398.33858pt x 158.2786pt.
) [25


pdfTeX warning (ext4): destination with the same identifier (name{figure.21}) h
as been already used, duplicate ignored

\AtBegShi@Output ...ipout \box \AtBeginShipoutBox 
                                                  \fi \fi 
l.107 \include{section-protoanalyzer}
                                      <./images/proto-analyzer.png>]
\openout2 = `section-decodes.aux'.


(./section-decodes.tex
Overfull \hbox (2.48906pt too wide) in paragraph at lines 65--66
[][] 
 []

[26


]
Overfull \hbox (2.48906pt too wide) in paragraph at lines 83--84
[][] 
 []


Overfull \hbox (2.48906pt too wide) in paragraph at lines 104--105
[][] 
 []

[27]
Overfull \hbox (2.48906pt too wide) in paragraph at lines 148--149
[][] 
 []

[28] [29] [30] [31] [32] [33] [34] [35] [36] [37] [38] [39] [40] [41] [42]
[43] [44] [45] [46] [47] [48] [49] [50] [51] [52] [53] [54] [55] [56] [57]
[58]

Package hyperref Warning: Token not allowed in a PDF string (PDFDocEncoding):
(hyperref)                removing `math shift' on input line 397.


Package hyperref Warning: Token not allowed in a PDF string (PDFDocEncoding):
(hyperref)                removing `superscript' on input line 397.


Package hyperref Warning: Token not allowed in a PDF string (PDFDocEncoding):
(hyperref)                removing `math shift' on input line 397.

[59] [60] [61] [62] [63] [64] [65] [66] [67] [68] [69] [70] [71] [72] [73]
[74] [75] [76] [77] [78] [79]) [80]
Package atveryend Info: Empty hook `BeforeClearDocument' on input line 112.
Package atveryend Info: Empty hook `AfterLastShipout' on input line 112.
 (./glscopeclient-manual.aux
(./section-revision.aux) (./section-legal.aux) (./section-gettingstarted.aux)
(./section-transports.aux) (./section-drivers.aux) (./section-mainwindow.aux)
(./section-waveformgroups.aux) (./section-timeline.aux)
(./section-waveformviews.aux) (./section-history.aux)
(./section-protoanalyzer.aux) (./section-decodes.aux))
Package atveryend Info: Executing hook `AtVeryEndDocument' on input line 112.
Package atveryend Info: Executing hook `AtEndAfterFileList' on input line 112.
Package rerunfilecheck Info: File `glscopeclient-manual.out' has not changed.
(rerunfilecheck)             Checksum: 98D6EA02317A33061D28DE31B625E320;9600.
Package atveryend Info: Empty hook `AtVeryVeryEnd' on input line 112.
 ) 
Here is how much of TeX's memory you used:
 13951 strings out of 492167
 199333 string characters out of 6131558
 556486 words of memory out of 5000000
 17648 multiletter control sequences out of 15000+600000
 117301 words of font info for 126 fonts, out of 8000000 for 9000
 1141 hyphenation exceptions out of 8191
 46i,11n,97p,902b,2049s stack positions out of 5000i,500n,10000p,200000b,80000s
{/usr/share/texmf-dist/fonts/enc/dvips/libertine/lbtn_oie7e6.enc}{/usr/share/
texmf-dist/fonts/enc/dvips/inconsolata/i4-t1-0.enc}{/usr/share/texmf-dist/fonts
/enc/dvips/libertine/lbtn_naooyc.enc}{/usr/share/texmf-dist/fonts/enc/dvips/lib
ertine/lbtn_lmduqq.enc}{/usr/share/texmf-dist/fonts/enc/dvips/libertine/lbtn_hj
4mhx.enc}{/usr/share/texmf-dist/fonts/enc/dvips/libertine/lbtn_v2xmgd.enc}</usr
/share/texmf-dist/fonts/type1/public/inconsolata/Inconsolata-zi4b.pfb></usr/sha
re/texmf-dist/fonts/type1/public/inconsolata/Inconsolata-zi4r.pfb></usr/share/t
exmf-dist/fonts/type1/public/newtx/LibertineMathMI.pfb></usr/share/texmf-dist/f
onts/type1/public/libertine/LinLibertineT.pfb></usr/share/texmf-dist/fonts/type
1/public/libertine/LinLibertineTB.pfb></usr/share/texmf-dist/fonts/type1/public
/libertine/LinLibertineTI.pfb>
Output written on glscopeclient-manual.pdf (80 pages, 812193 bytes).
PDF statistics:
 1366 PDF objects out of 1440 (max. 8388607)
 1222 compressed objects within 13 object streams
 328 named destinations out of 1000 (max. 500000)
 1315 words of extra memory for PDF output out of 10000 (max. 10000000)

